<?xml version="1.0" encoding="UTF-8"?>
<!-- Generated by org.testng.reporters.JUnitReportReporter -->
<testsuite skipped="0" hostname="LAPTOP-6F5IMLR2" name="org.sampletesng.SampleTest" tests="3" failures="0" timestamp="05 Sep 2022 09:55:54 GMT" time="43.060" errors="0">
  <testcase name="tc0" time="8.982" classname="org.sampletesng.SampleTest"/>
  <testcase name="tc0" time="7.672" classname="org.sampletesng.SampleTest"/>
  <testcase name="tc0" time="26.406" classname="org.sampletesng.SampleTest"/>
</testsuite> <!-- org.sampletesng.SampleTest -->
