<?xml version="1.0" encoding="UTF-8"?>
<!-- Generated by org.testng.reporters.JUnitReportReporter -->
<testsuite skipped="1" hostname="LAPTOP-6F5IMLR2" name="org.samplejunit.SampleTest" tests="3" failures="0" timestamp="05 Sep 2022 09:56:04 GMT" time="14.753" errors="0">
  <testcase name="tc0" time="7.329" classname="org.samplejunit.SampleTest"/>
  <testcase name="tc01" time="7.424" classname="org.samplejunit.SampleTest"/>
  <testcase name="tc02" time="0.000" classname="org.samplejunit.SampleTest">
    <skipped/>
  </testcase> <!-- tc02 -->
</testsuite> <!-- org.samplejunit.SampleTest -->
