<?xml version="1.0" encoding="UTF-8"?>
<!-- Generated by org.testng.reporters.JUnitReportReporter -->
<testsuite skipped="0" hostname="LAPTOP-6F5IMLR2" name="org.sampletesng.SampleTest3" tests="3" failures="0" timestamp="11 May 2022 06:09:25 GMT" time="0.198" errors="0">
  <testcase name="tc02" time="0.078" classname="org.sampletesng.SampleTest3"/>
  <testcase name="tc01" time="0.063" classname="org.sampletesng.SampleTest3"/>
  <testcase name="tc03" time="0.057" classname="org.sampletesng.SampleTest3"/>
</testsuite> <!-- org.sampletesng.SampleTest3 -->
