<?xml version="1.0" encoding="UTF-8"?>
<!-- Generated by org.testng.reporters.JUnitReportReporter -->
<testsuite skipped="0" hostname="LAPTOP-6F5IMLR2" name="org.sampletesng.SampleTest2" tests="3" failures="0" timestamp="11 May 2022 06:09:25 GMT" time="0.295" errors="0">
  <testcase name="tc02" time="0.122" classname="org.sampletesng.SampleTest2"/>
  <testcase name="tc03" time="0.065" classname="org.sampletesng.SampleTest2"/>
  <testcase name="tc01" time="0.108" classname="org.sampletesng.SampleTest2"/>
</testsuite> <!-- org.sampletesng.SampleTest2 -->
