<?xml version="1.0" encoding="UTF-8"?>
<!-- Generated by org.testng.reporters.JUnitReportReporter -->
<testsuite skipped="0" hostname="LAPTOP-6F5IMLR2" name="org.sampletesng.SampleTest" tests="3" failures="0" timestamp="08 May 2022 09:49:42 GMT" time="8.215" errors="0">
  <testcase name="tc0" time="3.137" classname="org.sampletesng.SampleTest"/>
  <testcase name="tc0" time="2.620" classname="org.sampletesng.SampleTest"/>
  <testcase name="tc0" time="2.458" classname="org.sampletesng.SampleTest"/>
</testsuite> <!-- org.sampletesng.SampleTest -->
